Determining size of off64_t failed with the following output:
Change Dir: C:/Users/Coral/Desktop/CoralPhone-desktop/WORK/desktop/Build/zlib/CMakeFiles/CMakeTmp

Run Build Command:"C:/Program Files (x86)/MSBuild/14.0/bin/MSBuild.exe" "cmTC_ea961.vcxproj" "/p:Configuration=Debug" "/p:VisualStudioVersion=14.0"
Microsoft (R) Build Engine version 14.0.25420.1
Copyright (C) Microsoft Corporation. All rights reserved.

Build started 19-01-2019 11:05:04.
Project "C:\Users\Coral\Desktop\CoralPhone-desktop\WORK\desktop\Build\zlib\CMakeFiles\CMakeTmp\cmTC_ea961.vcxproj" on node 1 (default targets).
PrepareForBuild:
  Creating directory "cmTC_ea961.dir\Debug\".
  Creating directory "C:\Users\Coral\Desktop\CoralPhone-desktop\WORK\desktop\Build\zlib\CMakeFiles\CMakeTmp\Debug\".
  Creating directory "cmTC_ea961.dir\Debug\cmTC_ea961.tlog\".
InitializeBuildStatus:
  Creating "cmTC_ea961.dir\Debug\cmTC_ea961.tlog\unsuccessfulbuild" because "AlwaysCreate" was specified.
ClCompile:
  C:\Program Files (x86)\Microsoft Visual Studio 14.0\VC\bin\CL.exe /c /Zi /W3 /WX- /Od /Ob0 /Oy- /D WIN32 /D _WINDOWS /D _LARGEFILE64_SOURCE=1 /D HAVE_SYS_TYPES_H /D HAVE_STDINT_H /D HAVE_STDDEF_H /D "CMAKE_INTDIR=\"Debug\"" /D _MBCS /Gm- /RTC1 /MDd /GS /fp:precise /Zc:wchar_t /Zc:forScope /Zc:inline /Fo"cmTC_ea961.dir\Debug\\" /Fd"cmTC_ea961.dir\Debug\vc140.pdb" /Gd /TC /analyze- /errorReport:queue "C:\Users\Coral\Desktop\CoralPhone-desktop\WORK\desktop\Build\zlib\CMakeFiles\CheckTypeSize\OFF64_T.c"
  Microsoft (R) C/C++ Optimizing Compiler Version 19.00.24215.1 for x86
  Copyright (C) Microsoft Corporation.  All rights reserved.
  
  cl /c /Zi /W3 /WX- /Od /Ob0 /Oy- /D WIN32 /D _WINDOWS /D _LARGEFILE64_SOURCE=1 /D HAVE_SYS_TYPES_H /D HAVE_STDINT_H /D HAVE_STDDEF_H /D "CMAKE_INTDIR=\"Debug\"" /D _MBCS /Gm- /RTC1 /MDd /GS /fp:precise /Zc:wchar_t /Zc:forScope /Zc:inline /Fo"cmTC_ea961.dir\Debug\\" /Fd"cmTC_ea961.dir\Debug\vc140.pdb" /Gd /TC /analyze- /errorReport:queue "C:\Users\Coral\Desktop\CoralPhone-desktop\WORK\desktop\Build\zlib\CMakeFiles\CheckTypeSize\OFF64_T.c"
  
  OFF64_T.c
C:\Users\Coral\Desktop\CoralPhone-desktop\WORK\desktop\Build\zlib\CMakeFiles\CheckTypeSize\OFF64_T.c(19): error C2065: 'off64_t': undeclared identifier [C:\Users\Coral\Desktop\CoralPhone-desktop\WORK\desktop\Build\zlib\CMakeFiles\CMakeTmp\cmTC_ea961.vcxproj]
C:\Users\Coral\Desktop\CoralPhone-desktop\WORK\desktop\Build\zlib\CMakeFiles\CheckTypeSize\OFF64_T.c(20): error C2065: 'off64_t': undeclared identifier [C:\Users\Coral\Desktop\CoralPhone-desktop\WORK\desktop\Build\zlib\CMakeFiles\CMakeTmp\cmTC_ea961.vcxproj]
C:\Users\Coral\Desktop\CoralPhone-desktop\WORK\desktop\Build\zlib\CMakeFiles\CheckTypeSize\OFF64_T.c(21): error C2065: 'off64_t': undeclared identifier [C:\Users\Coral\Desktop\CoralPhone-desktop\WORK\desktop\Build\zlib\CMakeFiles\CMakeTmp\cmTC_ea961.vcxproj]
C:\Users\Coral\Desktop\CoralPhone-desktop\WORK\desktop\Build\zlib\CMakeFiles\CheckTypeSize\OFF64_T.c(22): error C2065: 'off64_t': undeclared identifier [C:\Users\Coral\Desktop\CoralPhone-desktop\WORK\desktop\Build\zlib\CMakeFiles\CMakeTmp\cmTC_ea961.vcxproj]
C:\Users\Coral\Desktop\CoralPhone-desktop\WORK\desktop\Build\zlib\CMakeFiles\CheckTypeSize\OFF64_T.c(23): error C2065: 'off64_t': undeclared identifier [C:\Users\Coral\Desktop\CoralPhone-desktop\WORK\desktop\Build\zlib\CMakeFiles\CMakeTmp\cmTC_ea961.vcxproj]
Done Building Project "C:\Users\Coral\Desktop\CoralPhone-desktop\WORK\desktop\Build\zlib\CMakeFiles\CMakeTmp\cmTC_ea961.vcxproj" (default targets) -- FAILED.

Build FAILED.

"C:\Users\Coral\Desktop\CoralPhone-desktop\WORK\desktop\Build\zlib\CMakeFiles\CMakeTmp\cmTC_ea961.vcxproj" (default target) (1) ->
(ClCompile target) -> 
  C:\Users\Coral\Desktop\CoralPhone-desktop\WORK\desktop\Build\zlib\CMakeFiles\CheckTypeSize\OFF64_T.c(19): error C2065: 'off64_t': undeclared identifier [C:\Users\Coral\Desktop\CoralPhone-desktop\WORK\desktop\Build\zlib\CMakeFiles\CMakeTmp\cmTC_ea961.vcxproj]
  C:\Users\Coral\Desktop\CoralPhone-desktop\WORK\desktop\Build\zlib\CMakeFiles\CheckTypeSize\OFF64_T.c(20): error C2065: 'off64_t': undeclared identifier [C:\Users\Coral\Desktop\CoralPhone-desktop\WORK\desktop\Build\zlib\CMakeFiles\CMakeTmp\cmTC_ea961.vcxproj]
  C:\Users\Coral\Desktop\CoralPhone-desktop\WORK\desktop\Build\zlib\CMakeFiles\CheckTypeSize\OFF64_T.c(21): error C2065: 'off64_t': undeclared identifier [C:\Users\Coral\Desktop\CoralPhone-desktop\WORK\desktop\Build\zlib\CMakeFiles\CMakeTmp\cmTC_ea961.vcxproj]
  C:\Users\Coral\Desktop\CoralPhone-desktop\WORK\desktop\Build\zlib\CMakeFiles\CheckTypeSize\OFF64_T.c(22): error C2065: 'off64_t': undeclared identifier [C:\Users\Coral\Desktop\CoralPhone-desktop\WORK\desktop\Build\zlib\CMakeFiles\CMakeTmp\cmTC_ea961.vcxproj]
  C:\Users\Coral\Desktop\CoralPhone-desktop\WORK\desktop\Build\zlib\CMakeFiles\CheckTypeSize\OFF64_T.c(23): error C2065: 'off64_t': undeclared identifier [C:\Users\Coral\Desktop\CoralPhone-desktop\WORK\desktop\Build\zlib\CMakeFiles\CMakeTmp\cmTC_ea961.vcxproj]

    0 Warning(s)
    5 Error(s)

Time Elapsed 00:00:00.57

C:/Users/Coral/Desktop/CoralPhone-desktop/WORK/desktop/Build/zlib/CMakeFiles/CheckTypeSize/OFF64_T.c:
#include <sys/types.h>
#include <stdint.h>
#include <stddef.h>


#undef KEY
#if defined(__i386)
# define KEY '_','_','i','3','8','6'
#elif defined(__x86_64)
# define KEY '_','_','x','8','6','_','6','4'
#elif defined(__ppc__)
# define KEY '_','_','p','p','c','_','_'
#elif defined(__ppc64__)
# define KEY '_','_','p','p','c','6','4','_','_'
#endif

#define SIZE (sizeof(off64_t))
char info_size[] =  {'I', 'N', 'F', 'O', ':', 's','i','z','e','[',
  ('0' + ((SIZE / 10000)%10)),
  ('0' + ((SIZE / 1000)%10)),
  ('0' + ((SIZE / 100)%10)),
  ('0' + ((SIZE / 10)%10)),
  ('0' +  (SIZE    % 10)),
  ']',
#ifdef KEY
  ' ','k','e','y','[', KEY, ']',
#endif
  '\0'};

#ifdef __CLASSIC_C__
int main(argc, argv) int argc; char *argv[];
#else
int main(int argc, char *argv[])
#endif
{
  int require = 0;
  require += info_size[argc];
  (void)argv;
  return require;
}


Determining if the function fseeko exists failed with the following output:
Change Dir: C:/Users/Coral/Desktop/CoralPhone-desktop/WORK/desktop/Build/zlib/CMakeFiles/CMakeTmp

Run Build Command:"C:/Program Files (x86)/MSBuild/14.0/bin/MSBuild.exe" "cmTC_0b7d1.vcxproj" "/p:Configuration=Debug" "/p:VisualStudioVersion=14.0"
Microsoft (R) Build Engine version 14.0.25420.1
Copyright (C) Microsoft Corporation. All rights reserved.

Build started 19-01-2019 11:05:04.
Project "C:\Users\Coral\Desktop\CoralPhone-desktop\WORK\desktop\Build\zlib\CMakeFiles\CMakeTmp\cmTC_0b7d1.vcxproj" on node 1 (default targets).
PrepareForBuild:
  Creating directory "cmTC_0b7d1.dir\Debug\".
  Creating directory "C:\Users\Coral\Desktop\CoralPhone-desktop\WORK\desktop\Build\zlib\CMakeFiles\CMakeTmp\Debug\".
  Creating directory "cmTC_0b7d1.dir\Debug\cmTC_0b7d1.tlog\".
InitializeBuildStatus:
  Creating "cmTC_0b7d1.dir\Debug\cmTC_0b7d1.tlog\unsuccessfulbuild" because "AlwaysCreate" was specified.
ClCompile:
  C:\Program Files (x86)\Microsoft Visual Studio 14.0\VC\bin\CL.exe /c /Zi /W3 /WX- /Od /Ob0 /Oy- /D WIN32 /D _WINDOWS /D CHECK_FUNCTION_EXISTS=fseeko /D "CMAKE_INTDIR=\"Debug\"" /D _MBCS /Gm- /RTC1 /MDd /GS /fp:precise /Zc:wchar_t /Zc:forScope /Zc:inline /Fo"cmTC_0b7d1.dir\Debug\\" /Fd"cmTC_0b7d1.dir\Debug\vc140.pdb" /Gd /TC /analyze- /errorReport:queue "C:\Program Files\CMake\share\cmake-3.8\Modules\CheckFunctionExists.c"
  Microsoft (R) C/C++ Optimizing Compiler Version 19.00.24215.1 for x86
  Copyright (C) Microsoft Corporation.  All rights reserved.
  
  cl /c /Zi /W3 /WX- /Od /Ob0 /Oy- /D WIN32 /D _WINDOWS /D CHECK_FUNCTION_EXISTS=fseeko /D "CMAKE_INTDIR=\"Debug\"" /D _MBCS /Gm- /RTC1 /MDd /GS /fp:precise /Zc:wchar_t /Zc:forScope /Zc:inline /Fo"cmTC_0b7d1.dir\Debug\\" /Fd"cmTC_0b7d1.dir\Debug\vc140.pdb" /Gd /TC /analyze- /errorReport:queue "C:\Program Files\CMake\share\cmake-3.8\Modules\CheckFunctionExists.c"
  
  CheckFunctionExists.c
Link:
  C:\Program Files (x86)\Microsoft Visual Studio 14.0\VC\bin\link.exe /ERRORREPORT:QUEUE /OUT:"C:\Users\Coral\Desktop\CoralPhone-desktop\WORK\desktop\Build\zlib\CMakeFiles\CMakeTmp\Debug\cmTC_0b7d1.exe" /INCREMENTAL /NOLOGO kernel32.lib user32.lib gdi32.lib winspool.lib shell32.lib ole32.lib oleaut32.lib uuid.lib comdlg32.lib advapi32.lib /MANIFEST /MANIFESTUAC:"level='asInvoker' uiAccess='false'" /manifest:embed /DEBUG /PDB:"C:/Users/Coral/Desktop/CoralPhone-desktop/WORK/desktop/Build/zlib/CMakeFiles/CMakeTmp/Debug/cmTC_0b7d1.pdb" /SUBSYSTEM:CONSOLE /TLBID:1 /DYNAMICBASE /NXCOMPAT /IMPLIB:"C:/Users/Coral/Desktop/CoralPhone-desktop/WORK/desktop/Build/zlib/CMakeFiles/CMakeTmp/Debug/cmTC_0b7d1.lib" /MACHINE:X86 /SAFESEH   /machine:X86 cmTC_0b7d1.dir\Debug\CheckFunctionExists.obj
CheckFunctionExists.obj : error LNK2019: unresolved external symbol _fseeko referenced in function _main [C:\Users\Coral\Desktop\CoralPhone-desktop\WORK\desktop\Build\zlib\CMakeFiles\CMakeTmp\cmTC_0b7d1.vcxproj]
C:\Users\Coral\Desktop\CoralPhone-desktop\WORK\desktop\Build\zlib\CMakeFiles\CMakeTmp\Debug\cmTC_0b7d1.exe : fatal error LNK1120: 1 unresolved externals [C:\Users\Coral\Desktop\CoralPhone-desktop\WORK\desktop\Build\zlib\CMakeFiles\CMakeTmp\cmTC_0b7d1.vcxproj]
Done Building Project "C:\Users\Coral\Desktop\CoralPhone-desktop\WORK\desktop\Build\zlib\CMakeFiles\CMakeTmp\cmTC_0b7d1.vcxproj" (default targets) -- FAILED.

Build FAILED.

"C:\Users\Coral\Desktop\CoralPhone-desktop\WORK\desktop\Build\zlib\CMakeFiles\CMakeTmp\cmTC_0b7d1.vcxproj" (default target) (1) ->
(Link target) -> 
  CheckFunctionExists.obj : error LNK2019: unresolved external symbol _fseeko referenced in function _main [C:\Users\Coral\Desktop\CoralPhone-desktop\WORK\desktop\Build\zlib\CMakeFiles\CMakeTmp\cmTC_0b7d1.vcxproj]
  C:\Users\Coral\Desktop\CoralPhone-desktop\WORK\desktop\Build\zlib\CMakeFiles\CMakeTmp\Debug\cmTC_0b7d1.exe : fatal error LNK1120: 1 unresolved externals [C:\Users\Coral\Desktop\CoralPhone-desktop\WORK\desktop\Build\zlib\CMakeFiles\CMakeTmp\cmTC_0b7d1.vcxproj]

    0 Warning(s)
    2 Error(s)

Time Elapsed 00:00:01.49


Determining if the include file unistd.h exists failed with the following output:
Change Dir: C:/Users/Coral/Desktop/CoralPhone-desktop/WORK/desktop/Build/zlib/CMakeFiles/CMakeTmp

Run Build Command:"C:/Program Files (x86)/MSBuild/14.0/bin/MSBuild.exe" "cmTC_21416.vcxproj" "/p:Configuration=Debug" "/p:VisualStudioVersion=14.0"
Microsoft (R) Build Engine version 14.0.25420.1
Copyright (C) Microsoft Corporation. All rights reserved.

Build started 19-01-2019 11:05:07.
Project "C:\Users\Coral\Desktop\CoralPhone-desktop\WORK\desktop\Build\zlib\CMakeFiles\CMakeTmp\cmTC_21416.vcxproj" on node 1 (default targets).
PrepareForBuild:
  Creating directory "cmTC_21416.dir\Debug\".
  Creating directory "C:\Users\Coral\Desktop\CoralPhone-desktop\WORK\desktop\Build\zlib\CMakeFiles\CMakeTmp\Debug\".
  Creating directory "cmTC_21416.dir\Debug\cmTC_21416.tlog\".
InitializeBuildStatus:
  Creating "cmTC_21416.dir\Debug\cmTC_21416.tlog\unsuccessfulbuild" because "AlwaysCreate" was specified.
ClCompile:
  C:\Program Files (x86)\Microsoft Visual Studio 14.0\VC\bin\CL.exe /c /Zi /W3 /WX- /Od /Ob0 /Oy- /D WIN32 /D _WINDOWS /D "CMAKE_INTDIR=\"Debug\"" /D _MBCS /Gm- /RTC1 /MDd /GS /fp:precise /Zc:wchar_t /Zc:forScope /Zc:inline /Fo"cmTC_21416.dir\Debug\\" /Fd"cmTC_21416.dir\Debug\vc140.pdb" /Gd /TC /analyze- /errorReport:queue "C:\Users\Coral\Desktop\CoralPhone-desktop\WORK\desktop\Build\zlib\CMakeFiles\CMakeTmp\CheckIncludeFile.c"
  Microsoft (R) C/C++ Optimizing Compiler Version 19.00.24215.1 for x86
  Copyright (C) Microsoft Corporation.  All rights reserved.
  
  cl /c /Zi /W3 /WX- /Od /Ob0 /Oy- /D WIN32 /D _WINDOWS /D "CMAKE_INTDIR=\"Debug\"" /D _MBCS /Gm- /RTC1 /MDd /GS /fp:precise /Zc:wchar_t /Zc:forScope /Zc:inline /Fo"cmTC_21416.dir\Debug\\" /Fd"cmTC_21416.dir\Debug\vc140.pdb" /Gd /TC /analyze- /errorReport:queue "C:\Users\Coral\Desktop\CoralPhone-desktop\WORK\desktop\Build\zlib\CMakeFiles\CMakeTmp\CheckIncludeFile.c"
  
  CheckIncludeFile.c
C:\Users\Coral\Desktop\CoralPhone-desktop\WORK\desktop\Build\zlib\CMakeFiles\CMakeTmp\CheckIncludeFile.c(1): fatal error C1083: Cannot open include file: 'unistd.h': No such file or directory [C:\Users\Coral\Desktop\CoralPhone-desktop\WORK\desktop\Build\zlib\CMakeFiles\CMakeTmp\cmTC_21416.vcxproj]
Done Building Project "C:\Users\Coral\Desktop\CoralPhone-desktop\WORK\desktop\Build\zlib\CMakeFiles\CMakeTmp\cmTC_21416.vcxproj" (default targets) -- FAILED.

Build FAILED.

"C:\Users\Coral\Desktop\CoralPhone-desktop\WORK\desktop\Build\zlib\CMakeFiles\CMakeTmp\cmTC_21416.vcxproj" (default target) (1) ->
(ClCompile target) -> 
  C:\Users\Coral\Desktop\CoralPhone-desktop\WORK\desktop\Build\zlib\CMakeFiles\CMakeTmp\CheckIncludeFile.c(1): fatal error C1083: Cannot open include file: 'unistd.h': No such file or directory [C:\Users\Coral\Desktop\CoralPhone-desktop\WORK\desktop\Build\zlib\CMakeFiles\CMakeTmp\cmTC_21416.vcxproj]

    0 Warning(s)
    1 Error(s)

Time Elapsed 00:00:00.87


